2025-11-28 12:14:40,578 - e-contactpro - WARNING - ⚠️ ATTENTION: Utilisation de SECRET_KEY par défaut! Changez-la en production!
2025-11-28 12:14:40,720 - e-contactpro - WARNING - ⚠️ ATTENTION: Mot de passe admin par défaut! Changez-le en production!
2025-11-28 12:14:40,720 - e-contactpro - WARNING - ⚠️ URL Admin: /secure-admin/UH7sOjZHoHAGyBb5beHDcuMRLWhWBizDqNGTGc6XLO4
2025-11-28 12:14:40,744 - e-contactpro - INFO - ✅ Flask-Migrate activé
2025-11-28 12:14:43,023 - e-contactpro - WARNING - ⚠️ ATTENTION: Mot de passe admin par défaut! Changez-le en production!
2025-11-28 12:14:43,023 - e-contactpro - WARNING - ⚠️ URL Admin: /secure-admin/UH7sOjZHoHAGyBb5beHDcuMRLWhWBizDqNGTGc6XLO4
2025-11-28 12:14:43,037 - e-contactpro - INFO - ✅ Flask-Migrate activé
2025-11-28 12:25:10,519 - e-contactpro - WARNING - ⚠️ ATTENTION: Utilisation de SECRET_KEY par défaut! Changez-la en production!
2025-11-28 12:25:10,660 - e-contactpro - WARNING - ⚠️ ATTENTION: Mot de passe admin par défaut! Changez-le en production!
2025-11-28 12:25:10,660 - e-contactpro - WARNING - ⚠️ URL Admin: /secure-admin/UH7sOjZHoHAGyBb5beHDcuMRLWhWBizDqNGTGc6XLO4
2025-11-28 12:25:10,675 - e-contactpro - INFO - ✅ Flask-Migrate activé
2025-11-28 12:25:13,257 - e-contactpro - WARNING - ⚠️ ATTENTION: Mot de passe admin par défaut! Changez-le en production!
2025-11-28 12:25:13,257 - e-contactpro - WARNING - ⚠️ URL Admin: /secure-admin/UH7sOjZHoHAGyBb5beHDcuMRLWhWBizDqNGTGc6XLO4
2025-11-28 12:25:13,273 - e-contactpro - INFO - ✅ Flask-Migrate activé
2025-11-28 12:27:50,826 - e-contactpro - WARNING - ⚠️ ATTENTION: Utilisation de SECRET_KEY par défaut! Changez-la en production!
2025-11-28 12:27:50,964 - e-contactpro - WARNING - ⚠️ ATTENTION: Mot de passe admin par défaut! Changez-le en production!
2025-11-28 12:27:50,966 - e-contactpro - WARNING - ⚠️ URL Admin: /secure-admin/UH7sOjZHoHAGyBb5beHDcuMRLWhWBizDqNGTGc6XLO4
2025-11-28 12:27:50,980 - e-contactpro - INFO - ✅ Flask-Migrate activé
2025-11-28 12:27:53,227 - e-contactpro - WARNING - ⚠️ ATTENTION: Mot de passe admin par défaut! Changez-le en production!
2025-11-28 12:27:53,228 - e-contactpro - WARNING - ⚠️ URL Admin: /secure-admin/UH7sOjZHoHAGyBb5beHDcuMRLWhWBizDqNGTGc6XLO4
2025-11-28 12:27:53,241 - e-contactpro - INFO - ✅ Flask-Migrate activé
2025-11-28 12:30:04,329 - e-contactpro - WARNING - ⚠️ ATTENTION: Utilisation de SECRET_KEY par défaut! Changez-la en production!
2025-11-28 12:30:04,471 - e-contactpro - WARNING - ⚠️ ATTENTION: Mot de passe admin par défaut! Changez-le en production!
2025-11-28 12:30:04,472 - e-contactpro - WARNING - ⚠️ URL Admin: /secure-admin/UH7sOjZHoHAGyBb5beHDcuMRLWhWBizDqNGTGc6XLO4
2025-11-28 12:30:04,484 - e-contactpro - INFO - ✅ Flask-Migrate activé
2025-11-28 12:30:06,731 - e-contactpro - WARNING - ⚠️ ATTENTION: Mot de passe admin par défaut! Changez-le en production!
2025-11-28 12:30:06,731 - e-contactpro - WARNING - ⚠️ URL Admin: /secure-admin/UH7sOjZHoHAGyBb5beHDcuMRLWhWBizDqNGTGc6XLO4
2025-11-28 12:30:06,744 - e-contactpro - INFO - ✅ Flask-Migrate activé
2025-11-28 12:34:22,738 - e-contactpro - WARNING - ⚠️ ATTENTION: Mot de passe admin par défaut! Changez-le en production!
2025-11-28 12:34:22,738 - e-contactpro - WARNING - ⚠️ URL Admin: /secure-admin/UH7sOjZHoHAGyBb5beHDcuMRLWhWBizDqNGTGc6XLO4
2025-11-28 12:34:22,753 - e-contactpro - INFO - ✅ Flask-Migrate activé
2025-11-28 12:51:25,209 - e-contactpro - WARNING - ⚠️ ATTENTION: Mot de passe admin par défaut! Changez-le en production!
2025-11-28 12:51:25,209 - e-contactpro - WARNING - ⚠️ URL Admin: /secure-admin/UH7sOjZHoHAGyBb5beHDcuMRLWhWBizDqNGTGc6XLO4
2025-11-28 12:51:25,225 - e-contactpro - INFO - ✅ Flask-Migrate activé
2025-11-28 13:01:41,594 - e-contactpro - WARNING - ⚠️ ATTENTION: Mot de passe admin par défaut! Changez-le en production!
2025-11-28 13:01:41,594 - e-contactpro - WARNING - ⚠️ URL Admin: /secure-admin/UH7sOjZHoHAGyBb5beHDcuMRLWhWBizDqNGTGc6XLO4
2025-11-28 13:01:41,607 - e-contactpro - INFO - ✅ Flask-Migrate activé
2025-11-28 13:07:13,929 - e-contactpro - WARNING - ⚠️ ATTENTION: Mot de passe admin par défaut! Changez-le en production!
2025-11-28 13:07:13,929 - e-contactpro - WARNING - ⚠️ URL Admin: /secure-admin/UH7sOjZHoHAGyBb5beHDcuMRLWhWBizDqNGTGc6XLO4
2025-11-28 13:07:13,946 - e-contactpro - INFO - ✅ Flask-Migrate activé
2025-11-28 13:07:33,421 - e-contactpro - WARNING - ⚠️ ATTENTION: Mot de passe admin par défaut! Changez-le en production!
2025-11-28 13:07:33,421 - e-contactpro - WARNING - ⚠️ URL Admin: /secure-admin/UH7sOjZHoHAGyBb5beHDcuMRLWhWBizDqNGTGc6XLO4
2025-11-28 13:07:33,435 - e-contactpro - INFO - ✅ Flask-Migrate activé
2025-11-28 13:10:18,955 - e-contactpro - WARNING - ⚠️ ATTENTION: Mot de passe admin par défaut! Changez-le en production!
2025-11-28 13:10:18,955 - e-contactpro - WARNING - ⚠️ URL Admin: /secure-admin/UH7sOjZHoHAGyBb5beHDcuMRLWhWBizDqNGTGc6XLO4
2025-11-28 13:10:18,969 - e-contactpro - INFO - ✅ Flask-Migrate activé
2025-11-28 13:10:46,501 - e-contactpro - WARNING - ⚠️ ATTENTION: Mot de passe admin par défaut! Changez-le en production!
2025-11-28 13:10:46,501 - e-contactpro - WARNING - ⚠️ URL Admin: /secure-admin/UH7sOjZHoHAGyBb5beHDcuMRLWhWBizDqNGTGc6XLO4
2025-11-28 13:10:46,516 - e-contactpro - INFO - ✅ Flask-Migrate activé
2025-11-28 13:13:00,632 - e-contactpro - WARNING - ⚠️ ATTENTION: Mot de passe admin par défaut! Changez-le en production!
2025-11-28 13:13:00,634 - e-contactpro - WARNING - ⚠️ URL Admin: /secure-admin/UH7sOjZHoHAGyBb5beHDcuMRLWhWBizDqNGTGc6XLO4
2025-11-28 13:13:00,647 - e-contactpro - INFO - ✅ Flask-Migrate activé
2025-11-28 13:18:03,213 - e-contactpro - WARNING - ⚠️ ATTENTION: Mot de passe admin par défaut! Changez-le en production!
2025-11-28 13:18:03,214 - e-contactpro - WARNING - ⚠️ URL Admin: /secure-admin/UH7sOjZHoHAGyBb5beHDcuMRLWhWBizDqNGTGc6XLO4
2025-11-28 13:18:03,230 - e-contactpro - INFO - ✅ Flask-Migrate activé
2025-11-28 13:42:36,704 - e-contactpro - WARNING - ⚠️ ATTENTION: Mot de passe admin par défaut! Changez-le en production!
2025-11-28 13:42:36,704 - e-contactpro - WARNING - ⚠️ URL Admin: /secure-admin/UH7sOjZHoHAGyBb5beHDcuMRLWhWBizDqNGTGc6XLO4
2025-11-28 13:42:36,720 - e-contactpro - INFO - ✅ Flask-Migrate activé
2025-11-28 13:42:45,301 - e-contactpro - WARNING - ⚠️ ATTENTION: Mot de passe admin par défaut! Changez-le en production!
2025-11-28 13:42:45,301 - e-contactpro - WARNING - ⚠️ URL Admin: /secure-admin/UH7sOjZHoHAGyBb5beHDcuMRLWhWBizDqNGTGc6XLO4
2025-11-28 13:42:45,322 - e-contactpro - INFO - ✅ Flask-Migrate activé
2025-11-28 13:49:00,196 - e-contactpro - WARNING - ⚠️ ATTENTION: Mot de passe admin par défaut! Changez-le en production!
2025-11-28 13:49:00,197 - e-contactpro - WARNING - ⚠️ URL Admin: /secure-admin/UH7sOjZHoHAGyBb5beHDcuMRLWhWBizDqNGTGc6XLO4
2025-11-28 13:49:00,211 - e-contactpro - INFO - ✅ Flask-Migrate activé
2025-11-28 13:49:23,885 - e-contactpro - WARNING - ⚠️ ATTENTION: Utilisation de SECRET_KEY par défaut! Changez-la en production!
2025-11-28 13:49:24,039 - e-contactpro - WARNING - ⚠️ ATTENTION: Mot de passe admin par défaut! Changez-le en production!
2025-11-28 13:49:24,040 - e-contactpro - WARNING - ⚠️ URL Admin: /secure-admin/UH7sOjZHoHAGyBb5beHDcuMRLWhWBizDqNGTGc6XLO4
2025-11-28 13:49:24,052 - e-contactpro - INFO - ✅ Flask-Migrate activé
2025-11-28 13:49:26,328 - e-contactpro - WARNING - ⚠️ ATTENTION: Mot de passe admin par défaut! Changez-le en production!
2025-11-28 13:49:26,329 - e-contactpro - WARNING - ⚠️ URL Admin: /secure-admin/UH7sOjZHoHAGyBb5beHDcuMRLWhWBizDqNGTGc6XLO4
2025-11-28 13:49:26,342 - e-contactpro - INFO - ✅ Flask-Migrate activé
2025-11-28 13:50:42,665 - e-contactpro - WARNING - ⚠️ ATTENTION: Mot de passe admin par défaut! Changez-le en production!
2025-11-28 13:50:42,665 - e-contactpro - WARNING - ⚠️ URL Admin: /secure-admin/UH7sOjZHoHAGyBb5beHDcuMRLWhWBizDqNGTGc6XLO4
2025-11-28 13:50:42,680 - e-contactpro - INFO - ✅ Flask-Migrate activé
2025-11-28 13:50:42,895 - e-contactpro - WARNING - ⚠️ ATTENTION: Mot de passe admin par défaut! Changez-le en production!
2025-11-28 13:50:42,895 - e-contactpro - WARNING - ⚠️ URL Admin: /secure-admin/UH7sOjZHoHAGyBb5beHDcuMRLWhWBizDqNGTGc6XLO4
2025-11-28 13:50:42,910 - e-contactpro - INFO - ✅ Flask-Migrate activé
2025-11-28 13:52:36,812 - e-contactpro - WARNING - ⚠️ ATTENTION: Mot de passe admin par défaut! Changez-le en production!
2025-11-28 13:52:36,812 - e-contactpro - WARNING - ⚠️ URL Admin: /secure-admin/UH7sOjZHoHAGyBb5beHDcuMRLWhWBizDqNGTGc6XLO4
2025-11-28 13:52:36,829 - e-contactpro - INFO - ✅ Flask-Migrate activé
2025-11-28 13:52:37,136 - e-contactpro - WARNING - ⚠️ ATTENTION: Mot de passe admin par défaut! Changez-le en production!
2025-11-28 13:52:37,136 - e-contactpro - WARNING - ⚠️ URL Admin: /secure-admin/UH7sOjZHoHAGyBb5beHDcuMRLWhWBizDqNGTGc6XLO4
2025-11-28 13:52:37,151 - e-contactpro - INFO - ✅ Flask-Migrate activé
2025-11-28 13:54:03,574 - e-contactpro - WARNING - ⚠️ ATTENTION: Mot de passe admin par défaut! Changez-le en production!
2025-11-28 13:54:03,574 - e-contactpro - WARNING - ⚠️ URL Admin: /secure-admin/UH7sOjZHoHAGyBb5beHDcuMRLWhWBizDqNGTGc6XLO4
2025-11-28 13:54:03,587 - e-contactpro - INFO - ✅ Flask-Migrate activé
2025-11-28 13:54:04,271 - e-contactpro - WARNING - ⚠️ ATTENTION: Mot de passe admin par défaut! Changez-le en production!
2025-11-28 13:54:04,271 - e-contactpro - WARNING - ⚠️ URL Admin: /secure-admin/UH7sOjZHoHAGyBb5beHDcuMRLWhWBizDqNGTGc6XLO4
2025-11-28 13:54:04,287 - e-contactpro - INFO - ✅ Flask-Migrate activé
2025-11-28 14:08:29,114 - e-contactpro - WARNING - ⚠️ ATTENTION: Mot de passe admin par défaut! Changez-le en production!
2025-11-28 14:08:29,114 - e-contactpro - WARNING - ⚠️ URL Admin: /secure-admin/UH7sOjZHoHAGyBb5beHDcuMRLWhWBizDqNGTGc6XLO4
2025-11-28 14:08:29,131 - e-contactpro - INFO - ✅ Flask-Migrate activé
2025-11-28 14:08:29,545 - e-contactpro - WARNING - ⚠️ ATTENTION: Mot de passe admin par défaut! Changez-le en production!
2025-11-28 14:08:29,545 - e-contactpro - WARNING - ⚠️ URL Admin: /secure-admin/UH7sOjZHoHAGyBb5beHDcuMRLWhWBizDqNGTGc6XLO4
2025-11-28 14:08:29,558 - e-contactpro - INFO - ✅ Flask-Migrate activé
2025-11-28 14:09:21,537 - e-contactpro - WARNING - ⚠️ ATTENTION: Mot de passe admin par défaut! Changez-le en production!
2025-11-28 14:09:21,537 - e-contactpro - WARNING - ⚠️ URL Admin: /secure-admin/UH7sOjZHoHAGyBb5beHDcuMRLWhWBizDqNGTGc6XLO4
2025-11-28 14:09:21,554 - e-contactpro - INFO - ✅ Flask-Migrate activé
2025-11-28 14:09:22,311 - e-contactpro - WARNING - ⚠️ ATTENTION: Mot de passe admin par défaut! Changez-le en production!
2025-11-28 14:09:22,311 - e-contactpro - WARNING - ⚠️ URL Admin: /secure-admin/UH7sOjZHoHAGyBb5beHDcuMRLWhWBizDqNGTGc6XLO4
2025-11-28 14:09:22,332 - e-contactpro - INFO - ✅ Flask-Migrate activé
2025-11-28 14:12:17,170 - e-contactpro - WARNING - ⚠️ ATTENTION: Mot de passe admin par défaut! Changez-le en production!
2025-11-28 14:12:17,170 - e-contactpro - WARNING - ⚠️ URL Admin: /secure-admin/UH7sOjZHoHAGyBb5beHDcuMRLWhWBizDqNGTGc6XLO4
2025-11-28 14:12:17,182 - e-contactpro - INFO - ✅ Flask-Migrate activé
2025-11-28 14:12:17,398 - e-contactpro - WARNING - ⚠️ ATTENTION: Mot de passe admin par défaut! Changez-le en production!
2025-11-28 14:12:17,398 - e-contactpro - WARNING - ⚠️ URL Admin: /secure-admin/UH7sOjZHoHAGyBb5beHDcuMRLWhWBizDqNGTGc6XLO4
2025-11-28 14:12:17,412 - e-contactpro - INFO - ✅ Flask-Migrate activé
2025-11-28 14:25:07,641 - e-contactpro - WARNING - ⚠️ ATTENTION: Mot de passe admin par défaut! Changez-le en production!
2025-11-28 14:25:07,641 - e-contactpro - WARNING - ⚠️ URL Admin: /secure-admin/UH7sOjZHoHAGyBb5beHDcuMRLWhWBizDqNGTGc6XLO4
2025-11-28 14:25:07,656 - e-contactpro - INFO - ✅ Flask-Migrate activé
2025-11-28 14:25:07,671 - e-contactpro - WARNING - ⚠️ ATTENTION: Mot de passe admin par défaut! Changez-le en production!
2025-11-28 14:25:07,671 - e-contactpro - WARNING - ⚠️ URL Admin: /secure-admin/UH7sOjZHoHAGyBb5beHDcuMRLWhWBizDqNGTGc6XLO4
2025-11-28 14:25:07,686 - e-contactpro - INFO - ✅ Flask-Migrate activé
2025-11-28 14:30:39,784 - e-contactpro - WARNING - [ADMIN LOGIN] ✅ SUCCESS | IP: 127.0.0.1 | Time: 2025-11-28 14:30:39.784436
2025-11-28 14:36:12,736 - e-contactpro - WARNING - ⚠️ ATTENTION: Mot de passe admin par défaut! Changez-le en production!
2025-11-28 14:36:12,736 - e-contactpro - WARNING - ⚠️ URL Admin: /secure-admin/UH7sOjZHoHAGyBb5beHDcuMRLWhWBizDqNGTGc6XLO4
2025-11-28 14:36:12,743 - e-contactpro - WARNING - ⚠️ ATTENTION: Mot de passe admin par défaut! Changez-le en production!
2025-11-28 14:36:12,743 - e-contactpro - WARNING - ⚠️ URL Admin: /secure-admin/UH7sOjZHoHAGyBb5beHDcuMRLWhWBizDqNGTGc6XLO4
2025-11-28 14:36:12,751 - e-contactpro - INFO - ✅ Flask-Migrate activé
2025-11-28 14:36:12,758 - e-contactpro - INFO - ✅ Flask-Migrate activé
2025-11-28 14:37:39,614 - e-contactpro - WARNING - [ADMIN LOGIN] ✅ SUCCESS | IP: 127.0.0.1 | Time: 2025-11-28 14:37:39.614801
2025-11-28 14:39:08,229 - e-contactpro - INFO - Nouveau client inscrit: gaming123 (ukyochang066@gmail.com)
2025-11-28 14:40:01,607 - e-contactpro - WARNING - ⚠️ ATTENTION: Mot de passe admin par défaut! Changez-le en production!
2025-11-28 14:40:01,607 - e-contactpro - WARNING - ⚠️ URL Admin: /secure-admin/UH7sOjZHoHAGyBb5beHDcuMRLWhWBizDqNGTGc6XLO4
2025-11-28 14:40:01,612 - e-contactpro - WARNING - ⚠️ ATTENTION: Mot de passe admin par défaut! Changez-le en production!
2025-11-28 14:40:01,612 - e-contactpro - WARNING - ⚠️ URL Admin: /secure-admin/UH7sOjZHoHAGyBb5beHDcuMRLWhWBizDqNGTGc6XLO4
2025-11-28 14:40:01,620 - e-contactpro - INFO - ✅ Flask-Migrate activé
2025-11-28 14:40:01,625 - e-contactpro - INFO - ✅ Flask-Migrate activé
2025-11-28 14:42:06,093 - e-contactpro - INFO - Image optimisée: diego_1764333726.005072.png
2025-11-28 14:44:49,806 - e-contactpro - WARNING - ⚠️ ATTENTION: Mot de passe admin par défaut! Changez-le en production!
2025-11-28 14:44:49,806 - e-contactpro - WARNING - ⚠️ URL Admin: /secure-admin/UH7sOjZHoHAGyBb5beHDcuMRLWhWBizDqNGTGc6XLO4
2025-11-28 14:44:49,808 - e-contactpro - WARNING - ⚠️ ATTENTION: Mot de passe admin par défaut! Changez-le en production!
2025-11-28 14:44:49,808 - e-contactpro - WARNING - ⚠️ URL Admin: /secure-admin/UH7sOjZHoHAGyBb5beHDcuMRLWhWBizDqNGTGc6XLO4
2025-11-28 14:44:49,823 - e-contactpro - INFO - ✅ Flask-Migrate activé
2025-11-28 14:44:49,825 - e-contactpro - INFO - ✅ Flask-Migrate activé
2025-11-28 14:44:50,128 - e-contactpro - WARNING - [ADMIN LOGIN] ✅ SUCCESS | IP: 127.0.0.1 | Time: 2025-11-28 14:44:50.128346
2025-11-28 14:45:30,774 - e-contactpro - WARNING - ⚠️ ATTENTION: Mot de passe admin par défaut! Changez-le en production!
2025-11-28 14:45:30,774 - e-contactpro - WARNING - ⚠️ URL Admin: /secure-admin/UH7sOjZHoHAGyBb5beHDcuMRLWhWBizDqNGTGc6XLO4
2025-11-28 14:45:30,781 - e-contactpro - WARNING - ⚠️ ATTENTION: Mot de passe admin par défaut! Changez-le en production!
2025-11-28 14:45:30,781 - e-contactpro - WARNING - ⚠️ URL Admin: /secure-admin/UH7sOjZHoHAGyBb5beHDcuMRLWhWBizDqNGTGc6XLO4
2025-11-28 14:45:30,789 - e-contactpro - INFO - ✅ Flask-Migrate activé
2025-11-28 14:45:30,797 - e-contactpro - INFO - ✅ Flask-Migrate activé
2025-11-28 14:47:44,218 - e-contactpro - WARNING - ⚠️ ATTENTION: Mot de passe admin par défaut! Changez-le en production!
2025-11-28 14:47:44,218 - e-contactpro - WARNING - ⚠️ URL Admin: /secure-admin/UH7sOjZHoHAGyBb5beHDcuMRLWhWBizDqNGTGc6XLO4
2025-11-28 14:47:44,224 - e-contactpro - WARNING - ⚠️ ATTENTION: Mot de passe admin par défaut! Changez-le en production!
2025-11-28 14:47:44,224 - e-contactpro - WARNING - ⚠️ URL Admin: /secure-admin/UH7sOjZHoHAGyBb5beHDcuMRLWhWBizDqNGTGc6XLO4
2025-11-28 14:47:44,232 - e-contactpro - INFO - ✅ Flask-Migrate activé
2025-11-28 14:47:44,238 - e-contactpro - INFO - ✅ Flask-Migrate activé
2025-11-28 14:48:48,198 - e-contactpro - WARNING - ⚠️ ATTENTION: Utilisation de SECRET_KEY par défaut! Changez-la en production!
2025-11-28 14:48:48,336 - e-contactpro - WARNING - ⚠️ ATTENTION: Mot de passe admin par défaut! Changez-le en production!
2025-11-28 14:48:48,337 - e-contactpro - WARNING - ⚠️ URL Admin: /secure-admin/UH7sOjZHoHAGyBb5beHDcuMRLWhWBizDqNGTGc6XLO4
2025-11-28 14:48:48,349 - e-contactpro - INFO - ✅ Flask-Migrate activé
2025-11-28 14:49:03,665 - e-contactpro - WARNING - ⚠️ ATTENTION: Utilisation de SECRET_KEY par défaut! Changez-la en production!
2025-11-28 14:49:03,809 - e-contactpro - WARNING - ⚠️ ATTENTION: Mot de passe admin par défaut! Changez-le en production!
2025-11-28 14:49:03,809 - e-contactpro - WARNING - ⚠️ URL Admin: /secure-admin/UH7sOjZHoHAGyBb5beHDcuMRLWhWBizDqNGTGc6XLO4
2025-11-28 14:49:03,823 - e-contactpro - INFO - ✅ Flask-Migrate activé
2025-11-28 14:49:13,298 - e-contactpro - WARNING - ⚠️ ATTENTION: Utilisation de SECRET_KEY par défaut! Changez-la en production!
2025-11-28 14:49:13,441 - e-contactpro - WARNING - ⚠️ ATTENTION: Mot de passe admin par défaut! Changez-le en production!
2025-11-28 14:49:13,441 - e-contactpro - WARNING - ⚠️ URL Admin: /secure-admin/UH7sOjZHoHAGyBb5beHDcuMRLWhWBizDqNGTGc6XLO4
2025-11-28 14:49:13,453 - e-contactpro - INFO - ✅ Flask-Migrate activé
2025-11-28 14:49:21,842 - e-contactpro - WARNING - ⚠️ ATTENTION: Utilisation de SECRET_KEY par défaut! Changez-la en production!
2025-11-28 14:49:21,986 - e-contactpro - WARNING - ⚠️ ATTENTION: Mot de passe admin par défaut! Changez-le en production!
2025-11-28 14:49:21,986 - e-contactpro - WARNING - ⚠️ URL Admin: /secure-admin/UH7sOjZHoHAGyBb5beHDcuMRLWhWBizDqNGTGc6XLO4
2025-11-28 14:49:22,001 - e-contactpro - INFO - ✅ Flask-Migrate activé
2025-11-28 14:49:37,932 - e-contactpro - WARNING - ⚠️ ATTENTION: Utilisation de SECRET_KEY par défaut! Changez-la en production!
2025-11-28 14:49:38,073 - e-contactpro - WARNING - ⚠️ ATTENTION: Mot de passe admin par défaut! Changez-le en production!
2025-11-28 14:49:38,075 - e-contactpro - WARNING - ⚠️ URL Admin: /secure-admin/UH7sOjZHoHAGyBb5beHDcuMRLWhWBizDqNGTGc6XLO4
2025-11-28 14:49:38,087 - e-contactpro - INFO - ✅ Flask-Migrate activé
2025-11-28 14:49:47,872 - e-contactpro - WARNING - ⚠️ ATTENTION: Utilisation de SECRET_KEY par défaut! Changez-la en production!
2025-11-28 14:49:48,011 - e-contactpro - WARNING - ⚠️ ATTENTION: Mot de passe admin par défaut! Changez-le en production!
2025-11-28 14:49:48,012 - e-contactpro - WARNING - ⚠️ URL Admin: /secure-admin/UH7sOjZHoHAGyBb5beHDcuMRLWhWBizDqNGTGc6XLO4
2025-11-28 14:49:48,023 - e-contactpro - INFO - ✅ Flask-Migrate activé
2025-11-28 14:49:50,154 - e-contactpro - WARNING - ⚠️ ATTENTION: Mot de passe admin par défaut! Changez-le en production!
2025-11-28 14:49:50,156 - e-contactpro - WARNING - ⚠️ URL Admin: /secure-admin/UH7sOjZHoHAGyBb5beHDcuMRLWhWBizDqNGTGc6XLO4
2025-11-28 14:49:50,168 - e-contactpro - INFO - ✅ Flask-Migrate activé
2025-11-28 14:53:12,276 - e-contactpro - WARNING - ⚠️ ATTENTION: Utilisation de SECRET_KEY par défaut! Changez-la en production!
2025-11-28 14:53:12,418 - e-contactpro - WARNING - ⚠️ ATTENTION: Mot de passe admin par défaut! Changez-le en production!
2025-11-28 14:53:12,418 - e-contactpro - WARNING - ⚠️ URL Admin: /secure-admin/UH7sOjZHoHAGyBb5beHDcuMRLWhWBizDqNGTGc6XLO4
2025-11-28 14:53:12,431 - e-contactpro - INFO - ✅ Flask-Migrate activé
2025-11-28 14:53:19,159 - e-contactpro - WARNING - ⚠️ ATTENTION: Utilisation de SECRET_KEY par défaut! Changez-la en production!
2025-11-28 14:53:19,298 - e-contactpro - WARNING - ⚠️ ATTENTION: Mot de passe admin par défaut! Changez-le en production!
2025-11-28 14:53:19,298 - e-contactpro - WARNING - ⚠️ URL Admin: /secure-admin/UH7sOjZHoHAGyBb5beHDcuMRLWhWBizDqNGTGc6XLO4
2025-11-28 14:53:19,311 - e-contactpro - INFO - ✅ Flask-Migrate activé
2025-11-28 14:53:26,331 - e-contactpro - WARNING - ⚠️ ATTENTION: Utilisation de SECRET_KEY par défaut! Changez-la en production!
2025-11-28 14:53:26,471 - e-contactpro - WARNING - ⚠️ ATTENTION: Mot de passe admin par défaut! Changez-le en production!
2025-11-28 14:53:26,471 - e-contactpro - WARNING - ⚠️ URL Admin: /secure-admin/UH7sOjZHoHAGyBb5beHDcuMRLWhWBizDqNGTGc6XLO4
2025-11-28 14:53:26,484 - e-contactpro - INFO - ✅ Flask-Migrate activé
2025-11-28 14:54:59,096 - e-contactpro - WARNING - ⚠️ ATTENTION: Mot de passe admin par défaut! Changez-le en production!
2025-11-28 14:54:59,096 - e-contactpro - WARNING - ⚠️ URL Admin: /secure-admin/UH7sOjZHoHAGyBb5beHDcuMRLWhWBizDqNGTGc6XLO4
2025-11-28 14:54:59,111 - e-contactpro - INFO - ✅ Flask-Migrate activé
2025-11-28 14:55:02,176 - e-contactpro - WARNING - ⚠️ ATTENTION: Mot de passe admin par défaut! Changez-le en production!
2025-11-28 14:55:02,176 - e-contactpro - WARNING - ⚠️ URL Admin: /secure-admin/UH7sOjZHoHAGyBb5beHDcuMRLWhWBizDqNGTGc6XLO4
2025-11-28 14:55:02,189 - e-contactpro - INFO - ✅ Flask-Migrate activé
2025-11-28 14:57:02,445 - e-contactpro - WARNING - [ADMIN LOGIN] ✅ SUCCESS | IP: 127.0.0.1 | Time: 2025-11-28 14:57:02.445018
2025-11-28 15:05:59,004 - e-contactpro - WARNING - ⚠️ ATTENTION: Mot de passe admin par défaut! Changez-le en production!
2025-11-28 15:05:59,004 - e-contactpro - WARNING - ⚠️ URL Admin: /secure-admin/UH7sOjZHoHAGyBb5beHDcuMRLWhWBizDqNGTGc6XLO4
2025-11-28 15:05:59,020 - e-contactpro - INFO - ✅ Flask-Migrate activé
2025-11-28 15:07:07,776 - e-contactpro - WARNING - ⚠️ ATTENTION: Utilisation de SECRET_KEY par défaut! Changez-la en production!
2025-11-28 15:07:07,914 - e-contactpro - WARNING - ⚠️ ATTENTION: Mot de passe admin par défaut! Changez-le en production!
2025-11-28 15:07:07,916 - e-contactpro - WARNING - ⚠️ URL Admin: /secure-admin/UH7sOjZHoHAGyBb5beHDcuMRLWhWBizDqNGTGc6XLO4
2025-11-28 15:07:07,929 - e-contactpro - INFO - ✅ Flask-Migrate activé
2025-11-28 15:07:47,362 - e-contactpro - WARNING - ⚠️ ATTENTION: Utilisation de SECRET_KEY par défaut! Changez-la en production!
2025-11-28 15:07:47,503 - e-contactpro - WARNING - ⚠️ ATTENTION: Mot de passe admin par défaut! Changez-le en production!
2025-11-28 15:07:47,503 - e-contactpro - WARNING - ⚠️ URL Admin: /secure-admin/UH7sOjZHoHAGyBb5beHDcuMRLWhWBizDqNGTGc6XLO4
2025-11-28 15:07:47,518 - e-contactpro - INFO - ✅ Flask-Migrate activé
2025-11-28 15:07:49,722 - e-contactpro - WARNING - ⚠️ ATTENTION: Mot de passe admin par défaut! Changez-le en production!
2025-11-28 15:07:49,722 - e-contactpro - WARNING - ⚠️ URL Admin: /secure-admin/UH7sOjZHoHAGyBb5beHDcuMRLWhWBizDqNGTGc6XLO4
2025-11-28 15:07:49,735 - e-contactpro - INFO - ✅ Flask-Migrate activé
2025-11-28 15:09:02,597 - e-contactpro - WARNING - ⚠️ ATTENTION: Mot de passe admin par défaut! Changez-le en production!
2025-11-28 15:09:02,598 - e-contactpro - WARNING - ⚠️ URL Admin: /secure-admin/UH7sOjZHoHAGyBb5beHDcuMRLWhWBizDqNGTGc6XLO4
2025-11-28 15:09:02,612 - e-contactpro - INFO - ✅ Flask-Migrate activé
2025-11-28 15:09:02,828 - e-contactpro - WARNING - ⚠️ ATTENTION: Mot de passe admin par défaut! Changez-le en production!
2025-11-28 15:09:02,828 - e-contactpro - WARNING - ⚠️ URL Admin: /secure-admin/UH7sOjZHoHAGyBb5beHDcuMRLWhWBizDqNGTGc6XLO4
2025-11-28 15:09:02,843 - e-contactpro - INFO - ✅ Flask-Migrate activé
