2025-12-04 10:45:24 - e-contactpro - WARNING - [app.py:48] - ⚠️ ATTENTION: Utilisation de SECRET_KEY par défaut! Changez-la en production!
2025-12-04 10:45:24 - e-contactpro - WARNING - [app.py:53] - ⚠️ ATTENTION: Mot de passe admin par défaut! Changez-le en production!
2025-12-04 10:45:24 - e-contactpro - WARNING - [app.py:59] - ⚠️ URL Admin: /secure-admin/UH7sOjZHoHAGyBb5beHDcuMRLWhWBizDqNGTGc6XLO4
2025-12-04 10:45:24 - e-contactpro - INFO - [app.py:74] - ✅ Flask-Migrate activé
2025-12-04 10:45:25 - e-contactpro - WARNING - [app.py:53] - ⚠️ ATTENTION: Mot de passe admin par défaut! Changez-le en production!
2025-12-04 10:45:25 - e-contactpro - WARNING - [app.py:59] - ⚠️ URL Admin: /secure-admin/UH7sOjZHoHAGyBb5beHDcuMRLWhWBizDqNGTGc6XLO4
2025-12-04 10:45:25 - e-contactpro - INFO - [app.py:74] - ✅ Flask-Migrate activé
2025-12-04 11:12:04 - e-contactpro - WARNING - [app.py:48] - ⚠️ ATTENTION: Utilisation de SECRET_KEY par défaut! Changez-la en production!
2025-12-04 11:12:04 - e-contactpro - WARNING - [app.py:53] - ⚠️ ATTENTION: Mot de passe admin par défaut! Changez-le en production!
2025-12-04 11:12:04 - e-contactpro - WARNING - [app.py:59] - ⚠️ URL Admin: /secure-admin/UH7sOjZHoHAGyBb5beHDcuMRLWhWBizDqNGTGc6XLO4
2025-12-04 11:12:04 - e-contactpro - INFO - [app.py:74] - ✅ Flask-Migrate activé
2025-12-04 11:12:05 - e-contactpro - WARNING - [app.py:53] - ⚠️ ATTENTION: Mot de passe admin par défaut! Changez-le en production!
2025-12-04 11:12:05 - e-contactpro - WARNING - [app.py:59] - ⚠️ URL Admin: /secure-admin/UH7sOjZHoHAGyBb5beHDcuMRLWhWBizDqNGTGc6XLO4
2025-12-04 11:12:05 - e-contactpro - INFO - [app.py:74] - ✅ Flask-Migrate activé
2025-12-04 11:35:47 - e-contactpro - WARNING - [app.py:48] - ⚠️ ATTENTION: Utilisation de SECRET_KEY par défaut! Changez-la en production!
2025-12-04 11:35:48 - e-contactpro - WARNING - [app.py:53] - ⚠️ ATTENTION: Mot de passe admin par défaut! Changez-le en production!
2025-12-04 11:35:48 - e-contactpro - WARNING - [app.py:59] - ⚠️ URL Admin: /secure-admin/UH7sOjZHoHAGyBb5beHDcuMRLWhWBizDqNGTGc6XLO4
2025-12-04 11:35:48 - e-contactpro - INFO - [app.py:74] - ✅ Flask-Migrate activé
2025-12-04 11:35:48 - e-contactpro - WARNING - [run_server.py:26] - ⚠️ SECRET_KEY par défaut détectée - Changez-la en production!
2025-12-04 11:35:48 - e-contactpro - INFO - [run_server.py:29] - 🚀 Lancement du serveur sur http://0.0.0.0:5000
2025-12-04 11:35:48 - e-contactpro - INFO - [run_server.py:30] - 📊 Mode: Production
2025-12-04 11:35:48 - e-contactpro - INFO - [run_server.py:31] - 🔒 CSRF Protection: Activée
2025-12-04 11:35:48 - e-contactpro - INFO - [run_server.py:32] - ⏱️ Rate Limiting: Activé
