2025-12-02 14:43:26,771 - e-contactpro - WARNING - ⚠️ ATTENTION: Utilisation de SECRET_KEY par défaut! Changez-la en production!
2025-12-02 14:43:26,912 - e-contactpro - WARNING - ⚠️ ATTENTION: Mot de passe admin par défaut! Changez-le en production!
2025-12-02 14:43:26,912 - e-contactpro - WARNING - ⚠️ URL Admin: /secure-admin/UH7sOjZHoHAGyBb5beHDcuMRLWhWBizDqNGTGc6XLO4
2025-12-02 14:43:26,946 - e-contactpro - INFO - ✅ Flask-Migrate activé
2025-12-02 14:43:29,180 - e-contactpro - WARNING - ⚠️ ATTENTION: Mot de passe admin par défaut! Changez-le en production!
2025-12-02 14:43:29,181 - e-contactpro - WARNING - ⚠️ URL Admin: /secure-admin/UH7sOjZHoHAGyBb5beHDcuMRLWhWBizDqNGTGc6XLO4
2025-12-02 14:43:29,195 - e-contactpro - INFO - ✅ Flask-Migrate activé
2025-12-02 14:47:53,972 - e-contactpro - WARNING - ⚠️ ATTENTION: Mot de passe admin par défaut! Changez-le en production!
2025-12-02 14:47:53,974 - e-contactpro - WARNING - ⚠️ URL Admin: /secure-admin/UH7sOjZHoHAGyBb5beHDcuMRLWhWBizDqNGTGc6XLO4
2025-12-02 14:47:53,988 - e-contactpro - INFO - ✅ Flask-Migrate activé
2025-12-02 14:48:07,133 - e-contactpro - WARNING - ⚠️ ATTENTION: Utilisation de SECRET_KEY par défaut! Changez-la en production!
2025-12-02 14:48:07,271 - e-contactpro - WARNING - ⚠️ ATTENTION: Mot de passe admin par défaut! Changez-le en production!
2025-12-02 14:48:07,271 - e-contactpro - WARNING - ⚠️ URL Admin: /secure-admin/UH7sOjZHoHAGyBb5beHDcuMRLWhWBizDqNGTGc6XLO4
2025-12-02 14:48:07,284 - e-contactpro - INFO - ✅ Flask-Migrate activé
2025-12-02 14:48:12,215 - e-contactpro - WARNING - ⚠️ ATTENTION: Mot de passe admin par défaut! Changez-le en production!
2025-12-02 14:48:12,215 - e-contactpro - WARNING - ⚠️ URL Admin: /secure-admin/UH7sOjZHoHAGyBb5beHDcuMRLWhWBizDqNGTGc6XLO4
2025-12-02 14:48:12,230 - e-contactpro - INFO - ✅ Flask-Migrate activé
2025-12-02 14:48:16,944 - e-contactpro - WARNING - ⚠️ ATTENTION: Utilisation de SECRET_KEY par défaut! Changez-la en production!
2025-12-02 14:48:17,090 - e-contactpro - WARNING - ⚠️ ATTENTION: Mot de passe admin par défaut! Changez-le en production!
2025-12-02 14:48:17,090 - e-contactpro - WARNING - ⚠️ URL Admin: /secure-admin/UH7sOjZHoHAGyBb5beHDcuMRLWhWBizDqNGTGc6XLO4
2025-12-02 14:48:17,102 - e-contactpro - INFO - ✅ Flask-Migrate activé
2025-12-02 14:49:27,674 - e-contactpro - WARNING - ⚠️ ATTENTION: Utilisation de SECRET_KEY par défaut! Changez-la en production!
2025-12-02 14:49:27,813 - e-contactpro - WARNING - ⚠️ ATTENTION: Mot de passe admin par défaut! Changez-le en production!
2025-12-02 14:49:27,813 - e-contactpro - WARNING - ⚠️ URL Admin: /secure-admin/UH7sOjZHoHAGyBb5beHDcuMRLWhWBizDqNGTGc6XLO4
2025-12-02 14:49:27,826 - e-contactpro - INFO - ✅ Flask-Migrate activé
2025-12-02 14:52:41,736 - e-contactpro - WARNING - ⚠️ ATTENTION: Mot de passe admin par défaut! Changez-le en production!
2025-12-02 14:52:41,736 - e-contactpro - WARNING - ⚠️ URL Admin: /secure-admin/UH7sOjZHoHAGyBb5beHDcuMRLWhWBizDqNGTGc6XLO4
2025-12-02 14:52:41,754 - e-contactpro - INFO - ✅ Flask-Migrate activé
2025-12-02 14:54:05,164 - e-contactpro - WARNING - ⚠️ ATTENTION: Utilisation de SECRET_KEY par défaut! Changez-la en production!
2025-12-02 14:54:05,307 - e-contactpro - WARNING - ⚠️ ATTENTION: Mot de passe admin par défaut! Changez-le en production!
2025-12-02 14:54:05,309 - e-contactpro - WARNING - ⚠️ URL Admin: /secure-admin/UH7sOjZHoHAGyBb5beHDcuMRLWhWBizDqNGTGc6XLO4
2025-12-02 14:54:05,322 - e-contactpro - INFO - ✅ Flask-Migrate activé
2025-12-02 14:54:09,010 - e-contactpro - WARNING - ⚠️ ATTENTION: Mot de passe admin par défaut! Changez-le en production!
2025-12-02 14:54:09,010 - e-contactpro - WARNING - ⚠️ URL Admin: /secure-admin/UH7sOjZHoHAGyBb5beHDcuMRLWhWBizDqNGTGc6XLO4
2025-12-02 14:54:09,024 - e-contactpro - INFO - ✅ Flask-Migrate activé
2025-12-02 14:59:35,482 - e-contactpro - WARNING - ⚠️ ATTENTION: Mot de passe admin par défaut! Changez-le en production!
2025-12-02 14:59:35,484 - e-contactpro - WARNING - ⚠️ URL Admin: /secure-admin/UH7sOjZHoHAGyBb5beHDcuMRLWhWBizDqNGTGc6XLO4
2025-12-02 14:59:35,498 - e-contactpro - INFO - ✅ Flask-Migrate activé
2025-12-02 14:59:37,542 - e-contactpro - WARNING - ⚠️ ATTENTION: Mot de passe admin par défaut! Changez-le en production!
2025-12-02 14:59:37,542 - e-contactpro - WARNING - ⚠️ URL Admin: /secure-admin/UH7sOjZHoHAGyBb5beHDcuMRLWhWBizDqNGTGc6XLO4
2025-12-02 14:59:37,555 - e-contactpro - INFO - ✅ Flask-Migrate activé
2025-12-02 15:00:42,544 - e-contactpro - WARNING - ⚠️ ATTENTION: Mot de passe admin par défaut! Changez-le en production!
2025-12-02 15:00:42,544 - e-contactpro - WARNING - ⚠️ URL Admin: /secure-admin/UH7sOjZHoHAGyBb5beHDcuMRLWhWBizDqNGTGc6XLO4
2025-12-02 15:00:42,556 - e-contactpro - INFO - ✅ Flask-Migrate activé
2025-12-02 15:01:00,831 - e-contactpro - WARNING - ⚠️ ATTENTION: Mot de passe admin par défaut! Changez-le en production!
2025-12-02 15:01:00,831 - e-contactpro - WARNING - ⚠️ URL Admin: /secure-admin/UH7sOjZHoHAGyBb5beHDcuMRLWhWBizDqNGTGc6XLO4
2025-12-02 15:01:00,845 - e-contactpro - INFO - ✅ Flask-Migrate activé
2025-12-02 15:01:11 - e-contactpro - WARNING - [app.py:53] - ⚠️ ATTENTION: Mot de passe admin par défaut! Changez-le en production!
2025-12-02 15:01:11 - e-contactpro - WARNING - [app.py:59] - ⚠️ URL Admin: /secure-admin/UH7sOjZHoHAGyBb5beHDcuMRLWhWBizDqNGTGc6XLO4
2025-12-02 15:01:11 - e-contactpro - INFO - [app.py:74] - ✅ Flask-Migrate activé
2025-12-02 15:01:13 - e-contactpro - WARNING - [app.py:53] - ⚠️ ATTENTION: Mot de passe admin par défaut! Changez-le en production!
2025-12-02 15:01:13 - e-contactpro - WARNING - [app.py:59] - ⚠️ URL Admin: /secure-admin/UH7sOjZHoHAGyBb5beHDcuMRLWhWBizDqNGTGc6XLO4
2025-12-02 15:01:13 - e-contactpro - INFO - [app.py:74] - ✅ Flask-Migrate activé
2025-12-02 15:02:38 - e-contactpro - WARNING - [app.py:53] - ⚠️ ATTENTION: Mot de passe admin par défaut! Changez-le en production!
2025-12-02 15:02:38 - e-contactpro - WARNING - [app.py:59] - ⚠️ URL Admin: /secure-admin/UH7sOjZHoHAGyBb5beHDcuMRLWhWBizDqNGTGc6XLO4
2025-12-02 15:02:38 - e-contactpro - INFO - [app.py:74] - ✅ Flask-Migrate activé
2025-12-02 15:03:32 - e-contactpro - WARNING - [app.py:53] - ⚠️ ATTENTION: Mot de passe admin par défaut! Changez-le en production!
2025-12-02 15:03:32 - e-contactpro - WARNING - [app.py:59] - ⚠️ URL Admin: /secure-admin/UH7sOjZHoHAGyBb5beHDcuMRLWhWBizDqNGTGc6XLO4
2025-12-02 15:03:32 - e-contactpro - INFO - [app.py:74] - ✅ Flask-Migrate activé
2025-12-02 15:03:44 - e-contactpro - WARNING - [app.py:53] - ⚠️ ATTENTION: Mot de passe admin par défaut! Changez-le en production!
2025-12-02 15:03:44 - e-contactpro - WARNING - [app.py:59] - ⚠️ URL Admin: /secure-admin/UH7sOjZHoHAGyBb5beHDcuMRLWhWBizDqNGTGc6XLO4
2025-12-02 15:03:44 - e-contactpro - INFO - [app.py:74] - ✅ Flask-Migrate activé
2025-12-02 15:03:57 - e-contactpro - WARNING - [app.py:53] - ⚠️ ATTENTION: Mot de passe admin par défaut! Changez-le en production!
2025-12-02 15:03:57 - e-contactpro - WARNING - [app.py:59] - ⚠️ URL Admin: /secure-admin/UH7sOjZHoHAGyBb5beHDcuMRLWhWBizDqNGTGc6XLO4
2025-12-02 15:03:57 - e-contactpro - INFO - [app.py:74] - ✅ Flask-Migrate activé
2025-12-02 15:04:09 - e-contactpro - WARNING - [app.py:53] - ⚠️ ATTENTION: Mot de passe admin par défaut! Changez-le en production!
2025-12-02 15:04:09 - e-contactpro - WARNING - [app.py:59] - ⚠️ URL Admin: /secure-admin/UH7sOjZHoHAGyBb5beHDcuMRLWhWBizDqNGTGc6XLO4
2025-12-02 15:04:09 - e-contactpro - INFO - [app.py:74] - ✅ Flask-Migrate activé
2025-12-02 15:12:03 - e-contactpro - WARNING - [app.py:53] - ⚠️ ATTENTION: Mot de passe admin par défaut! Changez-le en production!
2025-12-02 15:12:03 - e-contactpro - WARNING - [app.py:59] - ⚠️ URL Admin: /secure-admin/UH7sOjZHoHAGyBb5beHDcuMRLWhWBizDqNGTGc6XLO4
2025-12-02 15:12:03 - e-contactpro - INFO - [app.py:74] - ✅ Flask-Migrate activé
2025-12-02 15:12:13 - e-contactpro - WARNING - [app.py:53] - ⚠️ ATTENTION: Mot de passe admin par défaut! Changez-le en production!
2025-12-02 15:12:13 - e-contactpro - WARNING - [app.py:59] - ⚠️ URL Admin: /secure-admin/UH7sOjZHoHAGyBb5beHDcuMRLWhWBizDqNGTGc6XLO4
2025-12-02 15:12:13 - e-contactpro - INFO - [app.py:74] - ✅ Flask-Migrate activé
2025-12-02 15:12:34 - e-contactpro - WARNING - [app.py:53] - ⚠️ ATTENTION: Mot de passe admin par défaut! Changez-le en production!
2025-12-02 15:12:34 - e-contactpro - WARNING - [app.py:59] - ⚠️ URL Admin: /secure-admin/UH7sOjZHoHAGyBb5beHDcuMRLWhWBizDqNGTGc6XLO4
2025-12-02 15:12:34 - e-contactpro - INFO - [app.py:74] - ✅ Flask-Migrate activé
2025-12-02 15:12:37 - e-contactpro - WARNING - [app.py:53] - ⚠️ ATTENTION: Mot de passe admin par défaut! Changez-le en production!
2025-12-02 15:12:37 - e-contactpro - WARNING - [app.py:59] - ⚠️ URL Admin: /secure-admin/UH7sOjZHoHAGyBb5beHDcuMRLWhWBizDqNGTGc6XLO4
2025-12-02 15:12:37 - e-contactpro - INFO - [app.py:74] - ✅ Flask-Migrate activé
2025-12-02 16:11:02 - e-contactpro - WARNING - [app.py:48] - ⚠️ ATTENTION: Utilisation de SECRET_KEY par défaut! Changez-la en production!
2025-12-02 16:11:02 - e-contactpro - WARNING - [app.py:53] - ⚠️ ATTENTION: Mot de passe admin par défaut! Changez-le en production!
2025-12-02 16:11:02 - e-contactpro - WARNING - [app.py:59] - ⚠️ URL Admin: /secure-admin/UH7sOjZHoHAGyBb5beHDcuMRLWhWBizDqNGTGc6XLO4
2025-12-02 16:11:02 - e-contactpro - INFO - [app.py:74] - ✅ Flask-Migrate activé
2025-12-02 16:11:04 - e-contactpro - WARNING - [app.py:53] - ⚠️ ATTENTION: Mot de passe admin par défaut! Changez-le en production!
2025-12-02 16:11:04 - e-contactpro - WARNING - [app.py:59] - ⚠️ URL Admin: /secure-admin/UH7sOjZHoHAGyBb5beHDcuMRLWhWBizDqNGTGc6XLO4
2025-12-02 16:11:04 - e-contactpro - INFO - [app.py:74] - ✅ Flask-Migrate activé
2025-12-02 19:41:31 - e-contactpro - WARNING - [app.py:48] - ⚠️ ATTENTION: Utilisation de SECRET_KEY par défaut! Changez-la en production!
2025-12-02 19:41:32 - e-contactpro - WARNING - [app.py:53] - ⚠️ ATTENTION: Mot de passe admin par défaut! Changez-le en production!
2025-12-02 19:41:32 - e-contactpro - WARNING - [app.py:59] - ⚠️ URL Admin: /secure-admin/UH7sOjZHoHAGyBb5beHDcuMRLWhWBizDqNGTGc6XLO4
2025-12-02 19:41:32 - e-contactpro - INFO - [app.py:74] - ✅ Flask-Migrate activé
2025-12-02 19:41:34 - e-contactpro - WARNING - [app.py:53] - ⚠️ ATTENTION: Mot de passe admin par défaut! Changez-le en production!
2025-12-02 19:41:34 - e-contactpro - WARNING - [app.py:59] - ⚠️ URL Admin: /secure-admin/UH7sOjZHoHAGyBb5beHDcuMRLWhWBizDqNGTGc6XLO4
2025-12-02 19:41:34 - e-contactpro - INFO - [app.py:74] - ✅ Flask-Migrate activé
2025-12-02 19:46:32 - e-contactpro - WARNING - [app.py:48] - ⚠️ ATTENTION: Utilisation de SECRET_KEY par défaut! Changez-la en production!
2025-12-02 19:46:32 - e-contactpro - WARNING - [app.py:53] - ⚠️ ATTENTION: Mot de passe admin par défaut! Changez-le en production!
2025-12-02 19:46:32 - e-contactpro - WARNING - [app.py:59] - ⚠️ URL Admin: /secure-admin/UH7sOjZHoHAGyBb5beHDcuMRLWhWBizDqNGTGc6XLO4
2025-12-02 19:46:32 - e-contactpro - INFO - [app.py:74] - ✅ Flask-Migrate activé
2025-12-02 19:46:34 - e-contactpro - WARNING - [app.py:53] - ⚠️ ATTENTION: Mot de passe admin par défaut! Changez-le en production!
2025-12-02 19:46:34 - e-contactpro - WARNING - [app.py:59] - ⚠️ URL Admin: /secure-admin/UH7sOjZHoHAGyBb5beHDcuMRLWhWBizDqNGTGc6XLO4
2025-12-02 19:46:34 - e-contactpro - INFO - [app.py:74] - ✅ Flask-Migrate activé
2025-12-02 20:01:57 - e-contactpro - WARNING - [app.py:48] - ⚠️ ATTENTION: Utilisation de SECRET_KEY par défaut! Changez-la en production!
2025-12-02 20:01:57 - e-contactpro - WARNING - [app.py:53] - ⚠️ ATTENTION: Mot de passe admin par défaut! Changez-le en production!
2025-12-02 20:01:57 - e-contactpro - WARNING - [app.py:59] - ⚠️ URL Admin: /secure-admin/UH7sOjZHoHAGyBb5beHDcuMRLWhWBizDqNGTGc6XLO4
2025-12-02 20:01:57 - e-contactpro - INFO - [app.py:74] - ✅ Flask-Migrate activé
2025-12-02 20:01:59 - e-contactpro - WARNING - [app.py:53] - ⚠️ ATTENTION: Mot de passe admin par défaut! Changez-le en production!
2025-12-02 20:01:59 - e-contactpro - WARNING - [app.py:59] - ⚠️ URL Admin: /secure-admin/UH7sOjZHoHAGyBb5beHDcuMRLWhWBizDqNGTGc6XLO4
2025-12-02 20:01:59 - e-contactpro - INFO - [app.py:74] - ✅ Flask-Migrate activé
