2025-11-26 14:04:43,606 - e-contactpro - WARNING - Flask-Migrate non disponible - Migrations désactivées
2025-11-26 14:06:39,606 - e-contactpro - WARNING - ⚠️ ATTENTION: Utilisation de SECRET_KEY par défaut! Changez-la en production!
2025-11-26 14:06:39,746 - e-contactpro - WARNING - ⚠️ ATTENTION: Mot de passe admin par défaut! Changez-le en production!
2025-11-26 14:06:39,777 - e-contactpro - INFO - ✅ Flask-Migrate activé
2025-11-26 14:12:02,505 - e-contactpro - WARNING - ⚠️ ATTENTION: Utilisation de SECRET_KEY par défaut! Changez-la en production!
2025-11-26 14:12:02,642 - e-contactpro - WARNING - ⚠️ ATTENTION: Mot de passe admin par défaut! Changez-le en production!
2025-11-26 14:12:02,656 - e-contactpro - INFO - ✅ Flask-Migrate activé
2025-11-26 14:13:51,214 - e-contactpro - WARNING - ⚠️ ATTENTION: Utilisation de SECRET_KEY par défaut! Changez-la en production!
2025-11-26 14:13:51,353 - e-contactpro - WARNING - ⚠️ ATTENTION: Mot de passe admin par défaut! Changez-le en production!
2025-11-26 14:13:51,365 - e-contactpro - INFO - ✅ Flask-Migrate activé
2025-11-26 14:17:23,586 - e-contactpro - WARNING - ⚠️ ATTENTION: Utilisation de SECRET_KEY par défaut! Changez-la en production!
2025-11-26 14:17:23,745 - e-contactpro - WARNING - ⚠️ ATTENTION: Mot de passe admin par défaut! Changez-le en production!
2025-11-26 14:17:23,758 - e-contactpro - INFO - ✅ Flask-Migrate activé
2025-11-26 14:18:14,153 - e-contactpro - WARNING - ⚠️ ATTENTION: Utilisation de SECRET_KEY par défaut! Changez-la en production!
2025-11-26 14:18:14,292 - e-contactpro - WARNING - ⚠️ ATTENTION: Mot de passe admin par défaut! Changez-le en production!
2025-11-26 14:18:14,305 - e-contactpro - INFO - ✅ Flask-Migrate activé
2025-11-26 14:18:16,496 - e-contactpro - WARNING - ⚠️ ATTENTION: Mot de passe admin par défaut! Changez-le en production!
2025-11-26 14:18:16,510 - e-contactpro - INFO - ✅ Flask-Migrate activé
2025-11-26 14:18:55,026 - e-contactpro - WARNING - ⚠️ ATTENTION: Mot de passe admin par défaut! Changez-le en production!
2025-11-26 14:18:55,038 - e-contactpro - INFO - ✅ Flask-Migrate activé
2025-11-26 14:23:51,400 - e-contactpro - WARNING - ⚠️ ATTENTION: Utilisation de SECRET_KEY par défaut! Changez-la en production!
2025-11-26 14:23:51,541 - e-contactpro - WARNING - ⚠️ ATTENTION: Mot de passe admin par défaut! Changez-le en production!
2025-11-26 14:23:51,554 - e-contactpro - INFO - ✅ Flask-Migrate activé
2025-11-26 14:23:53,990 - e-contactpro - WARNING - ⚠️ ATTENTION: Mot de passe admin par défaut! Changez-le en production!
2025-11-26 14:23:54,020 - e-contactpro - INFO - ✅ Flask-Migrate activé
2025-11-26 14:28:43,949 - e-contactpro - WARNING - ⚠️ ATTENTION: Utilisation de SECRET_KEY par défaut! Changez-la en production!
2025-11-26 14:28:44,090 - e-contactpro - WARNING - ⚠️ ATTENTION: Mot de passe admin par défaut! Changez-le en production!
2025-11-26 14:28:44,104 - e-contactpro - INFO - ✅ Flask-Migrate activé
2025-11-26 14:28:46,240 - e-contactpro - WARNING - ⚠️ ATTENTION: Mot de passe admin par défaut! Changez-le en production!
2025-11-26 14:28:46,253 - e-contactpro - INFO - ✅ Flask-Migrate activé
2025-11-26 14:29:19,613 - e-contactpro - WARNING - ⚠️ ATTENTION: Utilisation de SECRET_KEY par défaut! Changez-la en production!
2025-11-26 14:29:19,752 - e-contactpro - WARNING - ⚠️ ATTENTION: Mot de passe admin par défaut! Changez-le en production!
2025-11-26 14:29:19,767 - e-contactpro - INFO - ✅ Flask-Migrate activé
2025-11-26 14:29:21,903 - e-contactpro - WARNING - ⚠️ ATTENTION: Mot de passe admin par défaut! Changez-le en production!
2025-11-26 14:29:21,916 - e-contactpro - INFO - ✅ Flask-Migrate activé
2025-11-26 14:33:46,734 - e-contactpro - WARNING - ⚠️ ATTENTION: Mot de passe admin par défaut! Changez-le en production!
2025-11-26 14:33:46,748 - e-contactpro - INFO - ✅ Flask-Migrate activé
2025-11-26 14:34:18,169 - e-contactpro - WARNING - ⚠️ ATTENTION: Mot de passe admin par défaut! Changez-le en production!
2025-11-26 14:34:18,182 - e-contactpro - INFO - ✅ Flask-Migrate activé
2025-11-26 14:34:20,643 - e-contactpro - WARNING - ⚠️ ATTENTION: Utilisation de SECRET_KEY par défaut! Changez-la en production!
2025-11-26 14:34:20,785 - e-contactpro - WARNING - ⚠️ ATTENTION: Mot de passe admin par défaut! Changez-le en production!
2025-11-26 14:34:20,797 - e-contactpro - INFO - ✅ Flask-Migrate activé
2025-11-26 14:34:22,992 - e-contactpro - WARNING - ⚠️ ATTENTION: Mot de passe admin par défaut! Changez-le en production!
2025-11-26 14:34:23,007 - e-contactpro - INFO - ✅ Flask-Migrate activé
2025-11-26 14:35:35,027 - e-contactpro - WARNING - ⚠️ ATTENTION: Mot de passe admin par défaut! Changez-le en production!
2025-11-26 14:35:35,040 - e-contactpro - INFO - ✅ Flask-Migrate activé
2025-11-26 14:35:56,284 - e-contactpro - WARNING - ⚠️ ATTENTION: Mot de passe admin par défaut! Changez-le en production!
2025-11-26 14:35:56,296 - e-contactpro - INFO - ✅ Flask-Migrate activé
2025-11-26 14:39:01,695 - e-contactpro - WARNING - ⚠️ ATTENTION: Mot de passe admin par défaut! Changez-le en production!
2025-11-26 14:39:01,710 - e-contactpro - INFO - ✅ Flask-Migrate activé
2025-11-26 14:43:59,935 - e-contactpro - WARNING - ⚠️ ATTENTION: Mot de passe admin par défaut! Changez-le en production!
2025-11-26 14:43:59,951 - e-contactpro - INFO - ✅ Flask-Migrate activé
2025-11-26 14:47:18,593 - e-contactpro - WARNING - ⚠️ ATTENTION: Utilisation de SECRET_KEY par défaut! Changez-la en production!
2025-11-26 14:47:18,732 - e-contactpro - WARNING - ⚠️ ATTENTION: Mot de passe admin par défaut! Changez-le en production!
2025-11-26 14:47:18,745 - e-contactpro - INFO - ✅ Flask-Migrate activé
2025-11-26 14:47:20,891 - e-contactpro - WARNING - ⚠️ ATTENTION: Mot de passe admin par défaut! Changez-le en production!
2025-11-26 14:47:20,903 - e-contactpro - INFO - ✅ Flask-Migrate activé
2025-11-26 14:47:54,757 - e-contactpro - INFO - Image optimisée: hicham-ait-ali_1764161274.658608.png
2025-11-26 14:51:04,772 - e-contactpro - WARNING - ⚠️ ATTENTION: Utilisation de SECRET_KEY par défaut! Changez-la en production!
2025-11-26 14:51:04,914 - e-contactpro - WARNING - ⚠️ ATTENTION: Mot de passe admin par défaut! Changez-le en production!
2025-11-26 14:51:04,927 - e-contactpro - INFO - ✅ Flask-Migrate activé
2025-11-26 14:51:07,316 - e-contactpro - WARNING - ⚠️ ATTENTION: Mot de passe admin par défaut! Changez-le en production!
2025-11-26 14:51:07,331 - e-contactpro - INFO - ✅ Flask-Migrate activé
2025-11-26 14:53:14,771 - e-contactpro - WARNING - ⚠️ ATTENTION: Utilisation de SECRET_KEY par défaut! Changez-la en production!
2025-11-26 14:53:14,908 - e-contactpro - WARNING - ⚠️ ATTENTION: Mot de passe admin par défaut! Changez-le en production!
2025-11-26 14:53:14,921 - e-contactpro - INFO - ✅ Flask-Migrate activé
2025-11-26 14:53:17,391 - e-contactpro - WARNING - ⚠️ ATTENTION: Mot de passe admin par défaut! Changez-le en production!
2025-11-26 14:53:17,408 - e-contactpro - INFO - ✅ Flask-Migrate activé
2025-11-26 15:36:09,416 - e-contactpro - WARNING - ⚠️ ATTENTION: Mot de passe admin par défaut! Changez-le en production!
2025-11-26 15:36:09,429 - e-contactpro - INFO - ✅ Flask-Migrate activé
2025-11-26 15:50:36,764 - e-contactpro - WARNING - ⚠️ ATTENTION: Mot de passe admin par défaut! Changez-le en production!
2025-11-26 15:50:36,776 - e-contactpro - INFO - ✅ Flask-Migrate activé
2025-11-26 15:50:51,209 - e-contactpro - WARNING - ⚠️ ATTENTION: Utilisation de SECRET_KEY par défaut! Changez-la en production!
2025-11-26 15:50:51,352 - e-contactpro - WARNING - ⚠️ ATTENTION: Mot de passe admin par défaut! Changez-le en production!
2025-11-26 15:50:51,366 - e-contactpro - INFO - ✅ Flask-Migrate activé
2025-11-26 15:50:53,567 - e-contactpro - WARNING - ⚠️ ATTENTION: Mot de passe admin par défaut! Changez-le en production!
2025-11-26 15:50:53,581 - e-contactpro - INFO - ✅ Flask-Migrate activé
2025-11-26 15:51:19,114 - e-contactpro - WARNING - ⚠️ ATTENTION: Utilisation de SECRET_KEY par défaut! Changez-la en production!
2025-11-26 15:51:19,259 - e-contactpro - WARNING - ⚠️ ATTENTION: Mot de passe admin par défaut! Changez-le en production!
2025-11-26 15:51:19,271 - e-contactpro - INFO - ✅ Flask-Migrate activé
2025-11-26 15:51:21,561 - e-contactpro - WARNING - ⚠️ ATTENTION: Mot de passe admin par défaut! Changez-le en production!
2025-11-26 15:51:21,574 - e-contactpro - INFO - ✅ Flask-Migrate activé
2025-11-26 15:54:49,325 - e-contactpro - WARNING - ⚠️ ATTENTION: Mot de passe admin par défaut! Changez-le en production!
2025-11-26 15:54:49,338 - e-contactpro - INFO - ✅ Flask-Migrate activé
2025-11-26 15:54:53,413 - e-contactpro - WARNING - ⚠️ ATTENTION: Mot de passe admin par défaut! Changez-le en production!
2025-11-26 15:54:53,426 - e-contactpro - INFO - ✅ Flask-Migrate activé
2025-11-26 16:22:08,058 - e-contactpro - WARNING - ⚠️ ATTENTION: Utilisation de SECRET_KEY par défaut! Changez-la en production!
2025-11-26 16:22:08,197 - e-contactpro - WARNING - ⚠️ ATTENTION: Mot de passe admin par défaut! Changez-le en production!
2025-11-26 16:22:08,208 - e-contactpro - INFO - ✅ Flask-Migrate activé
2025-11-26 16:22:10,511 - e-contactpro - WARNING - ⚠️ ATTENTION: Mot de passe admin par défaut! Changez-le en production!
2025-11-26 16:22:10,527 - e-contactpro - INFO - ✅ Flask-Migrate activé
2025-11-26 16:23:29,667 - e-contactpro - WARNING - ⚠️ ATTENTION: Mot de passe admin par défaut! Changez-le en production!
2025-11-26 16:23:29,679 - e-contactpro - INFO - ✅ Flask-Migrate activé
2025-11-26 16:30:32,790 - e-contactpro - WARNING - ⚠️ ATTENTION: Utilisation de SECRET_KEY par défaut! Changez-la en production!
2025-11-26 16:30:32,934 - e-contactpro - WARNING - ⚠️ ATTENTION: Mot de passe admin par défaut! Changez-le en production!
2025-11-26 16:30:32,947 - e-contactpro - INFO - ✅ Flask-Migrate activé
2025-11-26 16:30:35,091 - e-contactpro - WARNING - ⚠️ ATTENTION: Mot de passe admin par défaut! Changez-le en production!
2025-11-26 16:30:35,104 - e-contactpro - INFO - ✅ Flask-Migrate activé
2025-11-26 16:31:27,802 - e-contactpro - WARNING - ⚠️ ATTENTION: Mot de passe admin par défaut! Changez-le en production!
2025-11-26 16:31:27,815 - e-contactpro - INFO - ✅ Flask-Migrate activé
2025-11-26 16:32:25,351 - e-contactpro - WARNING - ⚠️ ATTENTION: Utilisation de SECRET_KEY par défaut! Changez-la en production!
2025-11-26 16:32:25,490 - e-contactpro - WARNING - ⚠️ ATTENTION: Mot de passe admin par défaut! Changez-le en production!
2025-11-26 16:32:25,502 - e-contactpro - INFO - ✅ Flask-Migrate activé
2025-11-26 16:32:27,687 - e-contactpro - WARNING - ⚠️ ATTENTION: Mot de passe admin par défaut! Changez-le en production!
2025-11-26 16:32:27,701 - e-contactpro - INFO - ✅ Flask-Migrate activé
2025-11-26 16:33:21,405 - e-contactpro - WARNING - ⚠️ ATTENTION: Mot de passe admin par défaut! Changez-le en production!
2025-11-26 16:33:21,418 - e-contactpro - INFO - ✅ Flask-Migrate activé
2025-11-26 16:38:38,452 - e-contactpro - WARNING - ⚠️ ATTENTION: Mot de passe admin par défaut! Changez-le en production!
2025-11-26 16:38:38,466 - e-contactpro - INFO - ✅ Flask-Migrate activé
2025-11-26 16:43:36,656 - e-contactpro - WARNING - ⚠️ ATTENTION: Utilisation de SECRET_KEY par défaut! Changez-la en production!
2025-11-26 16:43:36,795 - e-contactpro - WARNING - ⚠️ ATTENTION: Mot de passe admin par défaut! Changez-le en production!
2025-11-26 16:43:36,809 - e-contactpro - INFO - ✅ Flask-Migrate activé
2025-11-26 16:43:38,956 - e-contactpro - WARNING - ⚠️ ATTENTION: Mot de passe admin par défaut! Changez-le en production!
2025-11-26 16:43:38,969 - e-contactpro - INFO - ✅ Flask-Migrate activé
2025-11-26 16:47:54,007 - e-contactpro - WARNING - ⚠️ ATTENTION: Utilisation de SECRET_KEY par défaut! Changez-la en production!
2025-11-26 16:47:54,147 - e-contactpro - WARNING - ⚠️ ATTENTION: Mot de passe admin par défaut! Changez-le en production!
2025-11-26 16:47:54,160 - e-contactpro - INFO - ✅ Flask-Migrate activé
2025-11-26 16:47:56,309 - e-contactpro - WARNING - ⚠️ ATTENTION: Mot de passe admin par défaut! Changez-le en production!
2025-11-26 16:47:56,324 - e-contactpro - INFO - ✅ Flask-Migrate activé
2025-11-26 16:54:52,282 - e-contactpro - INFO - Image optimisée: hicham-ait-ali_1764168892.192108.png
2025-11-26 17:05:43,646 - e-contactpro - WARNING - ⚠️ ATTENTION: Utilisation de SECRET_KEY par défaut! Changez-la en production!
2025-11-26 17:05:43,786 - e-contactpro - WARNING - ⚠️ ATTENTION: Mot de passe admin par défaut! Changez-le en production!
2025-11-26 17:05:43,798 - e-contactpro - INFO - ✅ Flask-Migrate activé
2025-11-26 17:05:46,008 - e-contactpro - WARNING - ⚠️ ATTENTION: Mot de passe admin par défaut! Changez-le en production!
2025-11-26 17:05:46,022 - e-contactpro - INFO - ✅ Flask-Migrate activé
2025-11-26 17:09:46,179 - e-contactpro - WARNING - ⚠️ ATTENTION: Utilisation de SECRET_KEY par défaut! Changez-la en production!
2025-11-26 17:09:46,317 - e-contactpro - WARNING - ⚠️ ATTENTION: Mot de passe admin par défaut! Changez-le en production!
2025-11-26 17:09:46,331 - e-contactpro - INFO - ✅ Flask-Migrate activé
2025-11-26 17:09:48,528 - e-contactpro - WARNING - ⚠️ ATTENTION: Mot de passe admin par défaut! Changez-le en production!
2025-11-26 17:09:48,541 - e-contactpro - INFO - ✅ Flask-Migrate activé
2025-11-26 17:13:50,575 - e-contactpro - WARNING - ⚠️ ATTENTION: Utilisation de SECRET_KEY par défaut! Changez-la en production!
2025-11-26 17:13:50,713 - e-contactpro - WARNING - ⚠️ ATTENTION: Mot de passe admin par défaut! Changez-le en production!
2025-11-26 17:13:50,727 - e-contactpro - INFO - ✅ Flask-Migrate activé
2025-11-26 17:13:52,912 - e-contactpro - WARNING - ⚠️ ATTENTION: Mot de passe admin par défaut! Changez-le en production!
2025-11-26 17:13:52,925 - e-contactpro - INFO - ✅ Flask-Migrate activé
2025-11-26 17:21:08,678 - e-contactpro - WARNING - ⚠️ ATTENTION: Utilisation de SECRET_KEY par défaut! Changez-la en production!
2025-11-26 17:21:08,823 - e-contactpro - WARNING - ⚠️ ATTENTION: Mot de passe admin par défaut! Changez-le en production!
2025-11-26 17:21:08,837 - e-contactpro - INFO - ✅ Flask-Migrate activé
2025-11-26 17:21:11,087 - e-contactpro - WARNING - ⚠️ ATTENTION: Mot de passe admin par défaut! Changez-le en production!
2025-11-26 17:21:11,100 - e-contactpro - INFO - ✅ Flask-Migrate activé
2025-11-26 17:25:47,864 - e-contactpro - WARNING - ⚠️ ATTENTION: Utilisation de SECRET_KEY par défaut! Changez-la en production!
2025-11-26 17:25:48,007 - e-contactpro - WARNING - ⚠️ ATTENTION: Mot de passe admin par défaut! Changez-le en production!
2025-11-26 17:25:48,021 - e-contactpro - INFO - ✅ Flask-Migrate activé
2025-11-26 17:25:50,203 - e-contactpro - WARNING - ⚠️ ATTENTION: Mot de passe admin par défaut! Changez-le en production!
2025-11-26 17:25:50,216 - e-contactpro - INFO - ✅ Flask-Migrate activé
2025-11-26 17:33:51,719 - e-contactpro - WARNING - ⚠️ ATTENTION: Mot de passe admin par défaut! Changez-le en production!
2025-11-26 17:33:51,735 - e-contactpro - INFO - ✅ Flask-Migrate activé
2025-11-26 17:36:25,532 - e-contactpro - INFO - Nouveau client inscrit: andy aime (ukyochang066@gmail.com)
2025-11-26 17:37:09,093 - e-contactpro - INFO - Image optimisée: andy-aime_1764171428.958005.png
2025-11-26 17:37:35,080 - e-contactpro - WARNING - ⚠️ ATTENTION: Mot de passe admin par défaut! Changez-le en production!
2025-11-26 17:37:35,097 - e-contactpro - INFO - ✅ Flask-Migrate activé
2025-11-26 17:39:07,565 - e-contactpro - WARNING - ⚠️ ATTENTION: Mot de passe admin par défaut! Changez-le en production!
2025-11-26 17:39:07,579 - e-contactpro - INFO - ✅ Flask-Migrate activé
2025-11-26 17:40:13,655 - e-contactpro - WARNING - ⚠️ ATTENTION: Mot de passe admin par défaut! Changez-le en production!
2025-11-26 17:40:13,667 - e-contactpro - INFO - ✅ Flask-Migrate activé
2025-11-26 17:40:36,024 - e-contactpro - WARNING - ⚠️ ATTENTION: Mot de passe admin par défaut! Changez-le en production!
2025-11-26 17:40:36,038 - e-contactpro - INFO - ✅ Flask-Migrate activé
2025-11-26 17:43:18,320 - e-contactpro - WARNING - ⚠️ ATTENTION: Mot de passe admin par défaut! Changez-le en production!
2025-11-26 17:43:18,334 - e-contactpro - INFO - ✅ Flask-Migrate activé
2025-11-26 17:43:28,542 - e-contactpro - WARNING - ⚠️ ATTENTION: Mot de passe admin par défaut! Changez-le en production!
2025-11-26 17:43:28,555 - e-contactpro - INFO - ✅ Flask-Migrate activé
2025-11-26 17:44:04,983 - e-contactpro - WARNING - ⚠️ ATTENTION: Mot de passe admin par défaut! Changez-le en production!
2025-11-26 17:44:04,997 - e-contactpro - INFO - ✅ Flask-Migrate activé
2025-11-26 17:55:36,792 - e-contactpro - WARNING - ⚠️ ATTENTION: Utilisation de SECRET_KEY par défaut! Changez-la en production!
2025-11-26 17:55:36,933 - e-contactpro - WARNING - ⚠️ ATTENTION: Mot de passe admin par défaut! Changez-le en production!
2025-11-26 17:55:36,946 - e-contactpro - INFO - ✅ Flask-Migrate activé
2025-11-26 17:55:39,087 - e-contactpro - WARNING - ⚠️ ATTENTION: Mot de passe admin par défaut! Changez-le en production!
2025-11-26 17:55:39,099 - e-contactpro - INFO - ✅ Flask-Migrate activé
2025-11-26 18:01:30,130 - e-contactpro - WARNING - ⚠️ ATTENTION: Mot de passe admin par défaut! Changez-le en production!
2025-11-26 18:01:30,147 - e-contactpro - INFO - ✅ Flask-Migrate activé
2025-11-26 18:06:43,270 - e-contactpro - WARNING - ⚠️ ATTENTION: Mot de passe admin par défaut! Changez-le en production!
2025-11-26 18:06:43,284 - e-contactpro - INFO - ✅ Flask-Migrate activé
2025-11-26 18:08:22,724 - e-contactpro - WARNING - ⚠️ ATTENTION: Mot de passe admin par défaut! Changez-le en production!
2025-11-26 18:08:22,737 - e-contactpro - INFO - ✅ Flask-Migrate activé
2025-11-26 18:08:51,177 - e-contactpro - WARNING - ⚠️ ATTENTION: Mot de passe admin par défaut! Changez-le en production!
2025-11-26 18:08:51,192 - e-contactpro - INFO - ✅ Flask-Migrate activé
2025-11-26 18:10:01,145 - e-contactpro - WARNING - ⚠️ ATTENTION: Utilisation de SECRET_KEY par défaut! Changez-la en production!
2025-11-26 18:10:01,285 - e-contactpro - WARNING - ⚠️ ATTENTION: Mot de passe admin par défaut! Changez-le en production!
2025-11-26 18:10:01,299 - e-contactpro - INFO - ✅ Flask-Migrate activé
2025-11-26 18:10:03,489 - e-contactpro - WARNING - ⚠️ ATTENTION: Mot de passe admin par défaut! Changez-le en production!
2025-11-26 18:10:03,503 - e-contactpro - INFO - ✅ Flask-Migrate activé
2025-11-26 18:15:46,016 - e-contactpro - WARNING - ⚠️ ATTENTION: Mot de passe admin par défaut! Changez-le en production!
2025-11-26 18:15:46,027 - e-contactpro - INFO - ✅ Flask-Migrate activé
2025-11-26 18:21:41,073 - e-contactpro - WARNING - ⚠️ ATTENTION: Utilisation de SECRET_KEY par défaut! Changez-la en production!
2025-11-26 18:21:41,214 - e-contactpro - WARNING - ⚠️ ATTENTION: Mot de passe admin par défaut! Changez-le en production!
2025-11-26 18:21:41,234 - e-contactpro - INFO - ✅ Flask-Migrate activé
2025-11-26 18:21:43,333 - e-contactpro - WARNING - ⚠️ ATTENTION: Mot de passe admin par défaut! Changez-le en production!
2025-11-26 18:21:43,345 - e-contactpro - INFO - ✅ Flask-Migrate activé
2025-11-26 18:22:07,261 - e-contactpro - INFO - Image optimisée: hicham-ait-ali_1764174127.205308.png
